#-----------------------------------------------------------
# Vivado v2020.1.1 (64-bit)
# SW Build 2960000 on Wed Aug  5 22:57:20 MDT 2020
# IP Build 2956692 on Thu Aug  6 01:41:30 MDT 2020
# Start of session at: Wed Oct  7 03:10:24 2020
# Process ID: 19124
# Current directory: c:/Users/curlywei/Documents/gty_vcu108/gtwizard_ultrascale_0_ex
# Command line: vivado.exe -notrace -source c:/Users/curlywei/Documents/gty_vcu108/gty_vcu108/gty_vcu108.srcs/sources_1/ip/gtwizard_ultrascale_0/gtwizard_ultrascale_0_ex.tcl
# Log file: c:/Users/curlywei/Documents/gty_vcu108/gtwizard_ultrascale_0_ex/vivado.log
# Journal file: c:/Users/curlywei/Documents/gty_vcu108/gtwizard_ultrascale_0_ex\vivado.jou
#-----------------------------------------------------------
start_gui
source c:/Users/curlywei/Documents/gty_vcu108/gty_vcu108/gty_vcu108.srcs/sources_1/ip/gtwizard_ultrascale_0/gtwizard_ultrascale_0_ex.tcl -notrace
INFO: [open_example_project] Creating new example project...
INFO: [IP_Flow 19-234] Refreshing IP repositories
INFO: [IP_Flow 19-1704] No user IP repositories specified
INFO: [IP_Flow 19-2313] Loaded Vivado IP repository 'C:/Xilinx/Vivado/2020.1/data/ip'.
create_project: Time (s): cpu = 00:00:15 ; elapsed = 00:00:07 . Memory (MB): peak = 1074.305 ; gain = 0.000
INFO: [open_example_project] Importing original IP ...
INFO: [open_example_project] Generating the example project IP ...
INFO: [open_example_project] Adding example synthesis HDL files ...
INFO: [open_example_project] Adding example XDC files ...
INFO: [open_example_project] Adding simulation HDL files ...
INFO: [open_example_project] Sourcing example extension scripts ...
WARNING: [IP_Flow 19-4832] The IP name 'gtwizard_ultrascale_0_vio_0' you have specified is long. The Windows operating system has path length limitations. It is recommended you use shorter names to reduce the likelihood of issues.
INFO: [IP_Flow 19-1686] Generating 'Instantiation Template' target for IP 'gtwizard_ultrascale_0_vio_0'...
INFO: [IP_Flow 19-1686] Generating 'Synthesis' target for IP 'gtwizard_ultrascale_0_vio_0'...
INFO: [IP_Flow 19-1686] Generating 'Simulation' target for IP 'gtwizard_ultrascale_0_vio_0'...
INFO: [IP_Flow 19-1686] Generating 'Change Log' target for IP 'gtwizard_ultrascale_0_vio_0'...
INFO: [open_example_project] Rebuilding all the top level IPs ...
INFO: [exportsim-Tcl-35] Exporting simulation files for "XSIM" (Xilinx Vivado Simulator)...
INFO: [exportsim-Tcl-29] Script generated: 'C:/Users/curlywei/Documents/gty_vcu108/gtwizard_ultrascale_0_ex/gtwizard_ultrascale_0_ex.ip_user_files/sim_scripts/gtwizard_ultrascale_0/xsim/gtwizard_ultrascale_0.sh'
INFO: [exportsim-Tcl-35] Exporting simulation files for "MODELSIM" (Mentor Graphics ModelSim Simulator)...
INFO: [exportsim-Tcl-29] Script generated: 'C:/Users/curlywei/Documents/gty_vcu108/gtwizard_ultrascale_0_ex/gtwizard_ultrascale_0_ex.ip_user_files/sim_scripts/gtwizard_ultrascale_0/modelsim/gtwizard_ultrascale_0.sh'
INFO: [exportsim-Tcl-35] Exporting simulation files for "QUESTA" (Mentor Graphics Questa Advanced Simulator)...
INFO: [exportsim-Tcl-29] Script generated: 'C:/Users/curlywei/Documents/gty_vcu108/gtwizard_ultrascale_0_ex/gtwizard_ultrascale_0_ex.ip_user_files/sim_scripts/gtwizard_ultrascale_0/questa/gtwizard_ultrascale_0.sh'
INFO: [exportsim-Tcl-35] Exporting simulation files for "IES" (Cadence Incisive Enterprise Simulator)...
INFO: [exportsim-Tcl-29] Script generated: 'C:/Users/curlywei/Documents/gty_vcu108/gtwizard_ultrascale_0_ex/gtwizard_ultrascale_0_ex.ip_user_files/sim_scripts/gtwizard_ultrascale_0/ies/gtwizard_ultrascale_0.sh'
INFO: [exportsim-Tcl-35] Exporting simulation files for "VCS" (Synopsys Verilog Compiler Simulator)...
INFO: [exportsim-Tcl-29] Script generated: 'C:/Users/curlywei/Documents/gty_vcu108/gtwizard_ultrascale_0_ex/gtwizard_ultrascale_0_ex.ip_user_files/sim_scripts/gtwizard_ultrascale_0/vcs/gtwizard_ultrascale_0.sh'
INFO: [exportsim-Tcl-35] Exporting simulation files for "RIVIERA" (Aldec Riviera-PRO Simulator)...
INFO: [exportsim-Tcl-29] Script generated: 'C:/Users/curlywei/Documents/gty_vcu108/gtwizard_ultrascale_0_ex/gtwizard_ultrascale_0_ex.ip_user_files/sim_scripts/gtwizard_ultrascale_0/riviera/gtwizard_ultrascale_0.sh'
INFO: [exportsim-Tcl-35] Exporting simulation files for "ACTIVEHDL" (Aldec Active-HDL Simulator)...
INFO: [exportsim-Tcl-29] Script generated: 'C:/Users/curlywei/Documents/gty_vcu108/gtwizard_ultrascale_0_ex/gtwizard_ultrascale_0_ex.ip_user_files/sim_scripts/gtwizard_ultrascale_0/activehdl/gtwizard_ultrascale_0.sh'
INFO: [exportsim-Tcl-35] Exporting simulation files for "XCELIUM" (Cadence Xcelium Parallel Simulator)...
INFO: [exportsim-Tcl-29] Script generated: 'C:/Users/curlywei/Documents/gty_vcu108/gtwizard_ultrascale_0_ex/gtwizard_ultrascale_0_ex.ip_user_files/sim_scripts/gtwizard_ultrascale_0/xcelium/gtwizard_ultrascale_0.sh'
INFO: [exportsim-Tcl-35] Exporting simulation files for "XSIM" (Xilinx Vivado Simulator)...
INFO: [exportsim-Tcl-29] Script generated: 'C:/Users/curlywei/Documents/gty_vcu108/gtwizard_ultrascale_0_ex/gtwizard_ultrascale_0_ex.ip_user_files/sim_scripts/gtwizard_ultrascale_0_vio_0/xsim/gtwizard_ultrascale_0_vio_0.sh'
INFO: [exportsim-Tcl-35] Exporting simulation files for "MODELSIM" (Mentor Graphics ModelSim Simulator)...
INFO: [exportsim-Tcl-29] Script generated: 'C:/Users/curlywei/Documents/gty_vcu108/gtwizard_ultrascale_0_ex/gtwizard_ultrascale_0_ex.ip_user_files/sim_scripts/gtwizard_ultrascale_0_vio_0/modelsim/gtwizard_ultrascale_0_vio_0.sh'
INFO: [exportsim-Tcl-35] Exporting simulation files for "QUESTA" (Mentor Graphics Questa Advanced Simulator)...
INFO: [exportsim-Tcl-29] Script generated: 'C:/Users/curlywei/Documents/gty_vcu108/gtwizard_ultrascale_0_ex/gtwizard_ultrascale_0_ex.ip_user_files/sim_scripts/gtwizard_ultrascale_0_vio_0/questa/gtwizard_ultrascale_0_vio_0.sh'
INFO: [exportsim-Tcl-35] Exporting simulation files for "IES" (Cadence Incisive Enterprise Simulator)...
INFO: [exportsim-Tcl-29] Script generated: 'C:/Users/curlywei/Documents/gty_vcu108/gtwizard_ultrascale_0_ex/gtwizard_ultrascale_0_ex.ip_user_files/sim_scripts/gtwizard_ultrascale_0_vio_0/ies/gtwizard_ultrascale_0_vio_0.sh'
INFO: [exportsim-Tcl-35] Exporting simulation files for "VCS" (Synopsys Verilog Compiler Simulator)...
INFO: [exportsim-Tcl-29] Script generated: 'C:/Users/curlywei/Documents/gty_vcu108/gtwizard_ultrascale_0_ex/gtwizard_ultrascale_0_ex.ip_user_files/sim_scripts/gtwizard_ultrascale_0_vio_0/vcs/gtwizard_ultrascale_0_vio_0.sh'
INFO: [exportsim-Tcl-35] Exporting simulation files for "RIVIERA" (Aldec Riviera-PRO Simulator)...
INFO: [exportsim-Tcl-29] Script generated: 'C:/Users/curlywei/Documents/gty_vcu108/gtwizard_ultrascale_0_ex/gtwizard_ultrascale_0_ex.ip_user_files/sim_scripts/gtwizard_ultrascale_0_vio_0/riviera/gtwizard_ultrascale_0_vio_0.sh'
INFO: [exportsim-Tcl-35] Exporting simulation files for "ACTIVEHDL" (Aldec Active-HDL Simulator)...
INFO: [exportsim-Tcl-29] Script generated: 'C:/Users/curlywei/Documents/gty_vcu108/gtwizard_ultrascale_0_ex/gtwizard_ultrascale_0_ex.ip_user_files/sim_scripts/gtwizard_ultrascale_0_vio_0/activehdl/gtwizard_ultrascale_0_vio_0.sh'
INFO: [exportsim-Tcl-35] Exporting simulation files for "XCELIUM" (Cadence Xcelium Parallel Simulator)...
INFO: [exportsim-Tcl-29] Script generated: 'C:/Users/curlywei/Documents/gty_vcu108/gtwizard_ultrascale_0_ex/gtwizard_ultrascale_0_ex.ip_user_files/sim_scripts/gtwizard_ultrascale_0_vio_0/xcelium/gtwizard_ultrascale_0_vio_0.sh'
export_ip_user_files: Time (s): cpu = 00:00:07 ; elapsed = 00:00:05 . Memory (MB): peak = 1074.305 ; gain = 0.000
INFO: [open_example_project] Open Example Project completed
update_compile_order -fileset sources_1
exit
INFO: [Common 17-206] Exiting Vivado at Wed Oct  7 03:11:32 2020...
