Copyright 1986-2020 Xilinx, Inc. All Rights Reserved.
---------------------------------------------------------------------------------------------------------------------------------------------------------------
| Tool Version : Vivado v.2020.1.1 (win64) Build 2960000 Wed Aug  5 22:57:20 MDT 2020
| Date         : Sun Oct 18 22:46:36 2020
| Host         : curlywei-PC running 64-bit major release  (build 9200)
| Command      : report_utilization -file gtwizard_ultrascale_0_example_top_utilization_placed.rpt -pb gtwizard_ultrascale_0_example_top_utilization_placed.pb
| Design       : gtwizard_ultrascale_0_example_top
| Device       : xcvu095ffva2104-2
| Design State : Fully Placed
---------------------------------------------------------------------------------------------------------------------------------------------------------------

Utilization Design Information

Table of Contents
-----------------
1. CLB Logic
1.1 Summary of Registers by Type
2. CLB Logic Distribution
3. BLOCKRAM
4. ARITHMETIC
5. I/O
6. CLOCK
7. ADVANCED
8. CONFIGURATION
9. Primitives
10. Black Boxes
11. Instantiated Netlists

1. CLB Logic
------------

+----------------------------+------+-------+-----------+-------+
|          Site Type         | Used | Fixed | Available | Util% |
+----------------------------+------+-------+-----------+-------+
| CLB LUTs                   | 1331 |     0 |    537600 |  0.25 |
|   LUT as Logic             | 1299 |     0 |    537600 |  0.24 |
|   LUT as Memory            |   32 |     0 |     76800 |  0.04 |
|     LUT as Distributed RAM |   32 |     0 |           |       |
|     LUT as Shift Register  |    0 |     0 |           |       |
| CLB Registers              | 2415 |     0 |   1075200 |  0.22 |
|   Register as Flip Flop    | 2415 |     0 |   1075200 |  0.22 |
|   Register as Latch        |    0 |     0 |   1075200 |  0.00 |
| CARRY8                     |   16 |     0 |     67200 |  0.02 |
| F7 Muxes                   |    0 |     0 |    268800 |  0.00 |
| F8 Muxes                   |    0 |     0 |    134400 |  0.00 |
| F9 Muxes                   |    0 |     0 |     67200 |  0.00 |
+----------------------------+------+-------+-----------+-------+


1.1 Summary of Registers by Type
--------------------------------

+-------+--------------+-------------+--------------+
| Total | Clock Enable | Synchronous | Asynchronous |
+-------+--------------+-------------+--------------+
| 0     |            _ |           - |            - |
| 0     |            _ |           - |          Set |
| 0     |            _ |           - |        Reset |
| 0     |            _ |         Set |            - |
| 0     |            _ |       Reset |            - |
| 0     |          Yes |           - |            - |
| 130   |          Yes |           - |          Set |
| 193   |          Yes |           - |        Reset |
| 778   |          Yes |         Set |            - |
| 1314  |          Yes |       Reset |            - |
+-------+--------------+-------------+--------------+


2. CLB Logic Distribution
-------------------------

+--------------------------------------------+------+-------+-----------+-------+
|                  Site Type                 | Used | Fixed | Available | Util% |
+--------------------------------------------+------+-------+-----------+-------+
| CLB                                        |  344 |     0 |     67200 |  0.51 |
|   CLBL                                     |  292 |     0 |           |       |
|   CLBM                                     |   52 |     0 |           |       |
| LUT as Logic                               | 1299 |     0 |    537600 |  0.24 |
|   using O5 output only                     |   46 |       |           |       |
|   using O6 output only                     |  776 |       |           |       |
|   using O5 and O6                          |  477 |       |           |       |
| LUT as Memory                              |   32 |     0 |     76800 |  0.04 |
|   LUT as Distributed RAM                   |   32 |     0 |           |       |
|     using O5 output only                   |    0 |       |           |       |
|     using O6 output only                   |    0 |       |           |       |
|     using O5 and O6                        |   32 |       |           |       |
|   LUT as Shift Register                    |    0 |     0 |           |       |
| CLB Registers                              | 2415 |     0 |   1075200 |  0.22 |
|   Register driven from within the CLB      | 1520 |       |           |       |
|   Register driven from outside the CLB     |  895 |       |           |       |
|     LUT in front of the register is unused |  785 |       |           |       |
|     LUT in front of the register is used   |  110 |       |           |       |
| Unique Control Sets                        |  126 |       |    134400 |  0.09 |
+--------------------------------------------+------+-------+-----------+-------+
* * Note: Available Control Sets calculated as Slices * 2, Review the Control Sets Report for more information regarding control sets.


3. BLOCKRAM
-----------

+----------------+------+-------+-----------+-------+
|    Site Type   | Used | Fixed | Available | Util% |
+----------------+------+-------+-----------+-------+
| Block RAM Tile |    0 |     0 |      1728 |  0.00 |
|   RAMB36/FIFO* |    0 |     0 |      1728 |  0.00 |
|   RAMB18       |    0 |     0 |      3456 |  0.00 |
+----------------+------+-------+-----------+-------+
* Note: Each Block RAM Tile only has one FIFO logic available and therefore can accommodate only one FIFO36E2 or one FIFO18E2. However, if a FIFO18E2 occupies a Block RAM Tile, that tile can still accommodate a RAMB18E2


4. ARITHMETIC
-------------

+-----------+------+-------+-----------+-------+
| Site Type | Used | Fixed | Available | Util% |
+-----------+------+-------+-----------+-------+
| DSPs      |    0 |     0 |       768 |  0.00 |
+-----------+------+-------+-----------+-------+


5. I/O
------

+------------------+------+-------+-----------+-------+
|     Site Type    | Used | Fixed | Available | Util% |
+------------------+------+-------+-----------+-------+
| Bonded IOB       |    6 |     6 |       832 |  0.72 |
| HPIOB            |    6 |     6 |       780 |  0.77 |
|   INPUT          |    4 |       |           |       |
|   OUTPUT         |    2 |       |           |       |
|   BIDIR          |    0 |       |           |       |
| HRIO             |    0 |     0 |        52 |  0.00 |
| HPIOBDIFFINBUF   |    1 |     1 |       360 |  0.28 |
|   DIFFINBUF      |    1 |     1 |           |       |
| HPIOBDIFFOUTBUF  |    0 |     0 |       360 |  0.00 |
| HRIODIFFINBUF    |    0 |     0 |        24 |  0.00 |
| HRIODIFFOUTBUF   |    0 |     0 |        24 |  0.00 |
| BITSLICE_CONTROL |    0 |     0 |       128 |  0.00 |
| BITSLICE_RX_TX   |    0 |     0 |       832 |  0.00 |
| BITSLICE_TX      |    0 |     0 |       128 |  0.00 |
| RIU_OR           |    0 |     0 |        64 |  0.00 |
+------------------+------+-------+-----------+-------+


6. CLOCK
--------

+----------------------+------+-------+-----------+-------+
|       Site Type      | Used | Fixed | Available | Util% |
+----------------------+------+-------+-----------+-------+
| GLOBAL CLOCK BUFFERs |    5 |     0 |       960 |  0.52 |
|   BUFGCE             |    3 |     0 |       384 |  0.78 |
|   BUFGCE_DIV         |    0 |     0 |        64 |  0.00 |
|   BUFG_GT            |    2 |     0 |       384 |  0.52 |
|   BUFGCTRL*          |    0 |     0 |       128 |  0.00 |
| PLLE3_ADV            |    0 |     0 |        32 |  0.00 |
| MMCME3_ADV           |    1 |     0 |        16 |  6.25 |
+----------------------+------+-------+-----------+-------+
* Note: Each used BUFGCTRL counts as two GLOBAL CLOCK BUFFERs. This table does not include global clocking resources, only buffer cell usage. See the Clock Utilization Report (report_clock_utilization) for detailed accounting of global clocking resource availability.


7. ADVANCED
-----------

+-----------------+------+-------+-----------+-------+
|    Site Type    | Used | Fixed | Available | Util% |
+-----------------+------+-------+-----------+-------+
| CMAC            |    0 |     0 |         4 |  0.00 |
| GTHE3_CHANNEL   |    0 |     0 |        28 |  0.00 |
| GTHE3_COMMON    |    0 |     0 |         7 |  0.00 |
| GTYE3_CHANNEL   |    4 |     4 |        24 | 16.67 |
| GTYE3_COMMON    |    1 |     0 |         6 | 16.67 |
| IBUFDS_GTE3     |    1 |     1 |        26 |  3.85 |
| ILKN            |    0 |     0 |         6 |  0.00 |
| OBUFDS_GTE3     |    0 |     0 |        26 |  0.00 |
| OBUFDS_GTE3_ADV |    0 |     0 |        26 |  0.00 |
| PCIE_3_1        |    0 |     0 |         4 |  0.00 |
| SYSMONE1        |    0 |     0 |         1 |  0.00 |
+-----------------+------+-------+-----------+-------+


8. CONFIGURATION
----------------

+-------------+------+-------+-----------+-------+
|  Site Type  | Used | Fixed | Available | Util% |
+-------------+------+-------+-----------+-------+
| BSCANE2     |    1 |     0 |         4 | 25.00 |
| DNA_PORTE2  |    0 |     0 |         1 |  0.00 |
| EFUSE_USR   |    0 |     0 |         1 |  0.00 |
| FRAME_ECCE3 |    0 |     0 |         1 |  0.00 |
| ICAPE3      |    0 |     0 |         2 |  0.00 |
| MASTER_JTAG |    0 |     0 |         1 |  0.00 |
| STARTUPE3   |    0 |     0 |         1 |  0.00 |
+-------------+------+-------+-----------+-------+


9. Primitives
-------------

+---------------+------+---------------------+
|    Ref Name   | Used | Functional Category |
+---------------+------+---------------------+
| FDRE          | 1314 |            Register |
| FDSE          |  778 |            Register |
| LUT3          |  496 |                 CLB |
| LUT2          |  431 |                 CLB |
| LUT6          |  281 |                 CLB |
| LUT4          |  252 |                 CLB |
| FDCE          |  193 |            Register |
| LUT5          |  159 |                 CLB |
| LUT1          |  157 |                 CLB |
| FDPE          |  130 |            Register |
| RAMD32        |   56 |                 CLB |
| CARRY8        |   16 |                 CLB |
| RAMS32        |    8 |                 CLB |
| GTYE3_CHANNEL |    4 |            Advanced |
| IBUFCTRL      |    3 |              Others |
| BUFGCE        |    3 |               Clock |
| OBUF          |    2 |                 I/O |
| INBUF         |    2 |                 I/O |
| BUFG_GT_SYNC  |    2 |               Clock |
| BUFG_GT       |    2 |               Clock |
| MMCME3_ADV    |    1 |               Clock |
| IBUFDS_GTE3   |    1 |            Advanced |
| GTYE3_COMMON  |    1 |            Advanced |
| DIFFINBUF     |    1 |                 I/O |
| BSCANE2       |    1 |       Configuration |
+---------------+------+---------------------+


10. Black Boxes
---------------

+----------+------+
| Ref Name | Used |
+----------+------+


11. Instantiated Netlists
-------------------------

+-----------------------+------+
|        Ref Name       | Used |
+-----------------------+------+
| vio_0                 |    1 |
| gtwizard_ultrascale_0 |    1 |
| dbg_hub               |    1 |
| clk_wiz_0             |    1 |
+-----------------------+------+


