
*** Running vivado
    with args -log example_ibert_ultrascale_gty_0.vds -m64 -product Vivado -mode batch -messageDb vivado.pb -notrace -source example_ibert_ultrascale_gty_0.tcl


****** Vivado v2021.1 (64-bit)
  **** SW Build 3247384 on Thu Jun 10 19:36:07 MDT 2021
  **** IP Build 3246043 on Fri Jun 11 00:30:35 MDT 2021
    ** Copyright 1986-2021 Xilinx, Inc. All Rights Reserved.

source example_ibert_ultrascale_gty_0.tcl -notrace
Command: synth_design -top example_ibert_ultrascale_gty_0 -part xcvu095-ffva2104-2-e
Starting synth_design
Attempting to get a license for feature 'Synthesis' and/or device 'xcvu095'
INFO: [Common 17-349] Got license for feature 'Synthesis' and/or device 'xcvu095'
INFO: [Common 17-1540] The version limit for your license is '2021.07' and has expired for new software. A version limit expiration means that, although you may be able to continue to use the current version of tools or IP with this license, you will not be eligible for any updates or new releases.
INFO: [Device 21-403] Loading part xcvu095-ffva2104-2-e
INFO: [Synth 8-7079] Multithreading enabled for synth_design using a maximum of 4 processes.
INFO: [Synth 8-7078] Launching helper process for spawning children vivado processes
INFO: [Synth 8-7075] Helper process launched with PID 8539
---------------------------------------------------------------------------------
Starting RTL Elaboration : Time (s): cpu = 00:00:02 ; elapsed = 00:00:02 . Memory (MB): peak = 2627.180 ; gain = 67.656 ; free physical = 116960 ; free virtual = 120622
---------------------------------------------------------------------------------
INFO: [Synth 8-6157] synthesizing module 'example_ibert_ultrascale_gty_0' [/home/dewei/Documents/vcu108/ibert_GTY_qsfp/ibert_ultrascale_gty_0_ex/imports/example_ibert_ultrascale_gty_0.v:32]
INFO: [Synth 8-6157] synthesizing module 'IBUFDS_GTE3' [/tools/Xilinx/Vivado/2021.1/scripts/rt/data/unisim_comp.v:51830]
INFO: [Synth 8-6155] done synthesizing module 'IBUFDS_GTE3' (1#1) [/tools/Xilinx/Vivado/2021.1/scripts/rt/data/unisim_comp.v:51830]
INFO: [Synth 8-6157] synthesizing module 'BUFG_GT' [/tools/Xilinx/Vivado/2021.1/scripts/rt/data/unisim_comp.v:1259]
INFO: [Synth 8-6155] done synthesizing module 'BUFG_GT' (2#1) [/tools/Xilinx/Vivado/2021.1/scripts/rt/data/unisim_comp.v:1259]
INFO: [Synth 8-6157] synthesizing module 'ibert_ultrascale_gty_0' [/home/dewei/Documents/vcu108/ibert_GTY_qsfp/ibert_ultrascale_gty_0_ex/ibert_ultrascale_gty_0_ex.runs/synth_1/.Xil/Vivado-8507-lab521-amd-2/realtime/ibert_ultrascale_gty_0_stub.v:6]
INFO: [Synth 8-6155] done synthesizing module 'ibert_ultrascale_gty_0' (3#1) [/home/dewei/Documents/vcu108/ibert_GTY_qsfp/ibert_ultrascale_gty_0_ex/ibert_ultrascale_gty_0_ex.runs/synth_1/.Xil/Vivado-8507-lab521-amd-2/realtime/ibert_ultrascale_gty_0_stub.v:6]
INFO: [Synth 8-6155] done synthesizing module 'example_ibert_ultrascale_gty_0' (4#1) [/home/dewei/Documents/vcu108/ibert_GTY_qsfp/ibert_ultrascale_gty_0_ex/imports/example_ibert_ultrascale_gty_0.v:32]
---------------------------------------------------------------------------------
Finished RTL Elaboration : Time (s): cpu = 00:00:03 ; elapsed = 00:00:03 . Memory (MB): peak = 2665.148 ; gain = 105.625 ; free physical = 116546 ; free virtual = 120209
---------------------------------------------------------------------------------
---------------------------------------------------------------------------------
Start Handling Custom Attributes
---------------------------------------------------------------------------------
---------------------------------------------------------------------------------
Finished Handling Custom Attributes : Time (s): cpu = 00:00:03 ; elapsed = 00:00:03 . Memory (MB): peak = 2682.961 ; gain = 123.438 ; free physical = 116545 ; free virtual = 120208
---------------------------------------------------------------------------------
---------------------------------------------------------------------------------
Finished RTL Optimization Phase 1 : Time (s): cpu = 00:00:03 ; elapsed = 00:00:03 . Memory (MB): peak = 2682.961 ; gain = 123.438 ; free physical = 116545 ; free virtual = 120208
---------------------------------------------------------------------------------
Netlist sorting complete. Time (s): cpu = 00:00:00 ; elapsed = 00:00:00 . Memory (MB): peak = 2694.867 ; gain = 0.000 ; free physical = 116535 ; free virtual = 120198
INFO: [Project 1-570] Preparing netlist for logic optimization

Processing XDC Constraints
Initializing timing engine
Parsing XDC File [/home/dewei/Documents/vcu108/ibert_GTY_qsfp/ibert_ultrascale_gty_0_ex/ibert_ultrascale_gty_0_ex.gen/sources_1/ip/ibert_ultrascale_gty_0/ibert_ultrascale_gty_0/ibert_ultrascale_gty_0_in_context.xdc] for cell 'u_ibert_gty_core'
Finished Parsing XDC File [/home/dewei/Documents/vcu108/ibert_GTY_qsfp/ibert_ultrascale_gty_0_ex/ibert_ultrascale_gty_0_ex.gen/sources_1/ip/ibert_ultrascale_gty_0/ibert_ultrascale_gty_0/ibert_ultrascale_gty_0_in_context.xdc] for cell 'u_ibert_gty_core'
Parsing XDC File [/home/dewei/Documents/vcu108/ibert_GTY_qsfp/ibert_ultrascale_gty_0_ex/imports/example_ibert_ultrascale_gty_0.xdc]
Finished Parsing XDC File [/home/dewei/Documents/vcu108/ibert_GTY_qsfp/ibert_ultrascale_gty_0_ex/imports/example_ibert_ultrascale_gty_0.xdc]
INFO: [Project 1-236] Implementation specific constraints were found while reading constraint file [/home/dewei/Documents/vcu108/ibert_GTY_qsfp/ibert_ultrascale_gty_0_ex/imports/example_ibert_ultrascale_gty_0.xdc]. These constraints will be ignored for synthesis but will be used in implementation. Impacted constraints are listed in the file [.Xil/example_ibert_ultrascale_gty_0_propImpl.xdc].
Resolution: To avoid this warning, move constraints listed in [.Xil/example_ibert_ultrascale_gty_0_propImpl.xdc] to another XDC file and exclude this new file from synthesis with the used_in_synthesis property (File Properties dialog in GUI) and re-run elaboration/synthesis.
Parsing XDC File [/home/dewei/Documents/vcu108/ibert_GTY_qsfp/ibert_ultrascale_gty_0_ex/ibert_ultrascale_gty_0_ex.runs/synth_1/dont_touch.xdc]
Finished Parsing XDC File [/home/dewei/Documents/vcu108/ibert_GTY_qsfp/ibert_ultrascale_gty_0_ex/ibert_ultrascale_gty_0_ex.runs/synth_1/dont_touch.xdc]
Completed Processing XDC Constraints

Netlist sorting complete. Time (s): cpu = 00:00:00 ; elapsed = 00:00:00 . Memory (MB): peak = 2801.586 ; gain = 0.000 ; free physical = 117304 ; free virtual = 120967
INFO: [Project 1-111] Unisim Transformation Summary:
No Unisim elements were transformed.

Constraint Validation Runtime : Time (s): cpu = 00:00:00.01 ; elapsed = 00:00:00 . Memory (MB): peak = 2801.586 ; gain = 0.000 ; free physical = 117304 ; free virtual = 120967
---------------------------------------------------------------------------------
Finished Constraint Validation : Time (s): cpu = 00:00:06 ; elapsed = 00:00:06 . Memory (MB): peak = 2801.586 ; gain = 242.062 ; free physical = 117347 ; free virtual = 121011
---------------------------------------------------------------------------------
---------------------------------------------------------------------------------
Start Loading Part and Timing Information
---------------------------------------------------------------------------------
Loading part: xcvu095-ffva2104-2-e
INFO: [Synth 8-6742] Reading net delay rules and data
---------------------------------------------------------------------------------
Finished Loading Part and Timing Information : Time (s): cpu = 00:00:06 ; elapsed = 00:00:06 . Memory (MB): peak = 2801.586 ; gain = 242.062 ; free physical = 117347 ; free virtual = 121011
---------------------------------------------------------------------------------
---------------------------------------------------------------------------------
Start Applying 'set_property' XDC Constraints
---------------------------------------------------------------------------------
Applied set_property IO_BUFFER_TYPE = NONE for gty_rxn_i[0]. (constraint file  /home/dewei/Documents/vcu108/ibert_GTY_qsfp/ibert_ultrascale_gty_0_ex/ibert_ultrascale_gty_0_ex.gen/sources_1/ip/ibert_ultrascale_gty_0/ibert_ultrascale_gty_0/ibert_ultrascale_gty_0_in_context.xdc, line 1).
Applied set_property CLOCK_BUFFER_TYPE = NONE for gty_rxn_i[0]. (constraint file  /home/dewei/Documents/vcu108/ibert_GTY_qsfp/ibert_ultrascale_gty_0_ex/ibert_ultrascale_gty_0_ex.gen/sources_1/ip/ibert_ultrascale_gty_0/ibert_ultrascale_gty_0/ibert_ultrascale_gty_0_in_context.xdc, line 2).
Applied set_property IO_BUFFER_TYPE = NONE for gty_rxn_i[1]. (constraint file  /home/dewei/Documents/vcu108/ibert_GTY_qsfp/ibert_ultrascale_gty_0_ex/ibert_ultrascale_gty_0_ex.gen/sources_1/ip/ibert_ultrascale_gty_0/ibert_ultrascale_gty_0/ibert_ultrascale_gty_0_in_context.xdc, line 3).
Applied set_property CLOCK_BUFFER_TYPE = NONE for gty_rxn_i[1]. (constraint file  /home/dewei/Documents/vcu108/ibert_GTY_qsfp/ibert_ultrascale_gty_0_ex/ibert_ultrascale_gty_0_ex.gen/sources_1/ip/ibert_ultrascale_gty_0/ibert_ultrascale_gty_0/ibert_ultrascale_gty_0_in_context.xdc, line 4).
Applied set_property IO_BUFFER_TYPE = NONE for gty_rxn_i[2]. (constraint file  /home/dewei/Documents/vcu108/ibert_GTY_qsfp/ibert_ultrascale_gty_0_ex/ibert_ultrascale_gty_0_ex.gen/sources_1/ip/ibert_ultrascale_gty_0/ibert_ultrascale_gty_0/ibert_ultrascale_gty_0_in_context.xdc, line 5).
Applied set_property CLOCK_BUFFER_TYPE = NONE for gty_rxn_i[2]. (constraint file  /home/dewei/Documents/vcu108/ibert_GTY_qsfp/ibert_ultrascale_gty_0_ex/ibert_ultrascale_gty_0_ex.gen/sources_1/ip/ibert_ultrascale_gty_0/ibert_ultrascale_gty_0/ibert_ultrascale_gty_0_in_context.xdc, line 6).
Applied set_property IO_BUFFER_TYPE = NONE for gty_rxn_i[3]. (constraint file  /home/dewei/Documents/vcu108/ibert_GTY_qsfp/ibert_ultrascale_gty_0_ex/ibert_ultrascale_gty_0_ex.gen/sources_1/ip/ibert_ultrascale_gty_0/ibert_ultrascale_gty_0/ibert_ultrascale_gty_0_in_context.xdc, line 7).
Applied set_property CLOCK_BUFFER_TYPE = NONE for gty_rxn_i[3]. (constraint file  /home/dewei/Documents/vcu108/ibert_GTY_qsfp/ibert_ultrascale_gty_0_ex/ibert_ultrascale_gty_0_ex.gen/sources_1/ip/ibert_ultrascale_gty_0/ibert_ultrascale_gty_0/ibert_ultrascale_gty_0_in_context.xdc, line 8).
Applied set_property IO_BUFFER_TYPE = NONE for gty_rxp_i[0]. (constraint file  /home/dewei/Documents/vcu108/ibert_GTY_qsfp/ibert_ultrascale_gty_0_ex/ibert_ultrascale_gty_0_ex.gen/sources_1/ip/ibert_ultrascale_gty_0/ibert_ultrascale_gty_0/ibert_ultrascale_gty_0_in_context.xdc, line 9).
Applied set_property CLOCK_BUFFER_TYPE = NONE for gty_rxp_i[0]. (constraint file  /home/dewei/Documents/vcu108/ibert_GTY_qsfp/ibert_ultrascale_gty_0_ex/ibert_ultrascale_gty_0_ex.gen/sources_1/ip/ibert_ultrascale_gty_0/ibert_ultrascale_gty_0/ibert_ultrascale_gty_0_in_context.xdc, line 10).
Applied set_property IO_BUFFER_TYPE = NONE for gty_rxp_i[1]. (constraint file  /home/dewei/Documents/vcu108/ibert_GTY_qsfp/ibert_ultrascale_gty_0_ex/ibert_ultrascale_gty_0_ex.gen/sources_1/ip/ibert_ultrascale_gty_0/ibert_ultrascale_gty_0/ibert_ultrascale_gty_0_in_context.xdc, line 11).
Applied set_property CLOCK_BUFFER_TYPE = NONE for gty_rxp_i[1]. (constraint file  /home/dewei/Documents/vcu108/ibert_GTY_qsfp/ibert_ultrascale_gty_0_ex/ibert_ultrascale_gty_0_ex.gen/sources_1/ip/ibert_ultrascale_gty_0/ibert_ultrascale_gty_0/ibert_ultrascale_gty_0_in_context.xdc, line 12).
Applied set_property IO_BUFFER_TYPE = NONE for gty_rxp_i[2]. (constraint file  /home/dewei/Documents/vcu108/ibert_GTY_qsfp/ibert_ultrascale_gty_0_ex/ibert_ultrascale_gty_0_ex.gen/sources_1/ip/ibert_ultrascale_gty_0/ibert_ultrascale_gty_0/ibert_ultrascale_gty_0_in_context.xdc, line 13).
Applied set_property CLOCK_BUFFER_TYPE = NONE for gty_rxp_i[2]. (constraint file  /home/dewei/Documents/vcu108/ibert_GTY_qsfp/ibert_ultrascale_gty_0_ex/ibert_ultrascale_gty_0_ex.gen/sources_1/ip/ibert_ultrascale_gty_0/ibert_ultrascale_gty_0/ibert_ultrascale_gty_0_in_context.xdc, line 14).
Applied set_property IO_BUFFER_TYPE = NONE for gty_rxp_i[3]. (constraint file  /home/dewei/Documents/vcu108/ibert_GTY_qsfp/ibert_ultrascale_gty_0_ex/ibert_ultrascale_gty_0_ex.gen/sources_1/ip/ibert_ultrascale_gty_0/ibert_ultrascale_gty_0/ibert_ultrascale_gty_0_in_context.xdc, line 15).
Applied set_property CLOCK_BUFFER_TYPE = NONE for gty_rxp_i[3]. (constraint file  /home/dewei/Documents/vcu108/ibert_GTY_qsfp/ibert_ultrascale_gty_0_ex/ibert_ultrascale_gty_0_ex.gen/sources_1/ip/ibert_ultrascale_gty_0/ibert_ultrascale_gty_0/ibert_ultrascale_gty_0_in_context.xdc, line 16).
Applied set_property IO_BUFFER_TYPE = NONE for gty_txn_o[0]. (constraint file  /home/dewei/Documents/vcu108/ibert_GTY_qsfp/ibert_ultrascale_gty_0_ex/ibert_ultrascale_gty_0_ex.gen/sources_1/ip/ibert_ultrascale_gty_0/ibert_ultrascale_gty_0/ibert_ultrascale_gty_0_in_context.xdc, line 17).
Applied set_property CLOCK_BUFFER_TYPE = NONE for gty_txn_o[0]. (constraint file  /home/dewei/Documents/vcu108/ibert_GTY_qsfp/ibert_ultrascale_gty_0_ex/ibert_ultrascale_gty_0_ex.gen/sources_1/ip/ibert_ultrascale_gty_0/ibert_ultrascale_gty_0/ibert_ultrascale_gty_0_in_context.xdc, line 18).
Applied set_property IO_BUFFER_TYPE = NONE for gty_txn_o[1]. (constraint file  /home/dewei/Documents/vcu108/ibert_GTY_qsfp/ibert_ultrascale_gty_0_ex/ibert_ultrascale_gty_0_ex.gen/sources_1/ip/ibert_ultrascale_gty_0/ibert_ultrascale_gty_0/ibert_ultrascale_gty_0_in_context.xdc, line 19).
Applied set_property CLOCK_BUFFER_TYPE = NONE for gty_txn_o[1]. (constraint file  /home/dewei/Documents/vcu108/ibert_GTY_qsfp/ibert_ultrascale_gty_0_ex/ibert_ultrascale_gty_0_ex.gen/sources_1/ip/ibert_ultrascale_gty_0/ibert_ultrascale_gty_0/ibert_ultrascale_gty_0_in_context.xdc, line 20).
Applied set_property IO_BUFFER_TYPE = NONE for gty_txn_o[2]. (constraint file  /home/dewei/Documents/vcu108/ibert_GTY_qsfp/ibert_ultrascale_gty_0_ex/ibert_ultrascale_gty_0_ex.gen/sources_1/ip/ibert_ultrascale_gty_0/ibert_ultrascale_gty_0/ibert_ultrascale_gty_0_in_context.xdc, line 21).
Applied set_property CLOCK_BUFFER_TYPE = NONE for gty_txn_o[2]. (constraint file  /home/dewei/Documents/vcu108/ibert_GTY_qsfp/ibert_ultrascale_gty_0_ex/ibert_ultrascale_gty_0_ex.gen/sources_1/ip/ibert_ultrascale_gty_0/ibert_ultrascale_gty_0/ibert_ultrascale_gty_0_in_context.xdc, line 22).
Applied set_property IO_BUFFER_TYPE = NONE for gty_txn_o[3]. (constraint file  /home/dewei/Documents/vcu108/ibert_GTY_qsfp/ibert_ultrascale_gty_0_ex/ibert_ultrascale_gty_0_ex.gen/sources_1/ip/ibert_ultrascale_gty_0/ibert_ultrascale_gty_0/ibert_ultrascale_gty_0_in_context.xdc, line 23).
Applied set_property CLOCK_BUFFER_TYPE = NONE for gty_txn_o[3]. (constraint file  /home/dewei/Documents/vcu108/ibert_GTY_qsfp/ibert_ultrascale_gty_0_ex/ibert_ultrascale_gty_0_ex.gen/sources_1/ip/ibert_ultrascale_gty_0/ibert_ultrascale_gty_0/ibert_ultrascale_gty_0_in_context.xdc, line 24).
Applied set_property IO_BUFFER_TYPE = NONE for gty_txp_o[0]. (constraint file  /home/dewei/Documents/vcu108/ibert_GTY_qsfp/ibert_ultrascale_gty_0_ex/ibert_ultrascale_gty_0_ex.gen/sources_1/ip/ibert_ultrascale_gty_0/ibert_ultrascale_gty_0/ibert_ultrascale_gty_0_in_context.xdc, line 25).
Applied set_property CLOCK_BUFFER_TYPE = NONE for gty_txp_o[0]. (constraint file  /home/dewei/Documents/vcu108/ibert_GTY_qsfp/ibert_ultrascale_gty_0_ex/ibert_ultrascale_gty_0_ex.gen/sources_1/ip/ibert_ultrascale_gty_0/ibert_ultrascale_gty_0/ibert_ultrascale_gty_0_in_context.xdc, line 26).
Applied set_property IO_BUFFER_TYPE = NONE for gty_txp_o[1]. (constraint file  /home/dewei/Documents/vcu108/ibert_GTY_qsfp/ibert_ultrascale_gty_0_ex/ibert_ultrascale_gty_0_ex.gen/sources_1/ip/ibert_ultrascale_gty_0/ibert_ultrascale_gty_0/ibert_ultrascale_gty_0_in_context.xdc, line 27).
Applied set_property CLOCK_BUFFER_TYPE = NONE for gty_txp_o[1]. (constraint file  /home/dewei/Documents/vcu108/ibert_GTY_qsfp/ibert_ultrascale_gty_0_ex/ibert_ultrascale_gty_0_ex.gen/sources_1/ip/ibert_ultrascale_gty_0/ibert_ultrascale_gty_0/ibert_ultrascale_gty_0_in_context.xdc, line 28).
Applied set_property IO_BUFFER_TYPE = NONE for gty_txp_o[2]. (constraint file  /home/dewei/Documents/vcu108/ibert_GTY_qsfp/ibert_ultrascale_gty_0_ex/ibert_ultrascale_gty_0_ex.gen/sources_1/ip/ibert_ultrascale_gty_0/ibert_ultrascale_gty_0/ibert_ultrascale_gty_0_in_context.xdc, line 29).
Applied set_property CLOCK_BUFFER_TYPE = NONE for gty_txp_o[2]. (constraint file  /home/dewei/Documents/vcu108/ibert_GTY_qsfp/ibert_ultrascale_gty_0_ex/ibert_ultrascale_gty_0_ex.gen/sources_1/ip/ibert_ultrascale_gty_0/ibert_ultrascale_gty_0/ibert_ultrascale_gty_0_in_context.xdc, line 30).
Applied set_property IO_BUFFER_TYPE = NONE for gty_txp_o[3]. (constraint file  /home/dewei/Documents/vcu108/ibert_GTY_qsfp/ibert_ultrascale_gty_0_ex/ibert_ultrascale_gty_0_ex.gen/sources_1/ip/ibert_ultrascale_gty_0/ibert_ultrascale_gty_0/ibert_ultrascale_gty_0_in_context.xdc, line 31).
Applied set_property CLOCK_BUFFER_TYPE = NONE for gty_txp_o[3]. (constraint file  /home/dewei/Documents/vcu108/ibert_GTY_qsfp/ibert_ultrascale_gty_0_ex/ibert_ultrascale_gty_0_ex.gen/sources_1/ip/ibert_ultrascale_gty_0/ibert_ultrascale_gty_0/ibert_ultrascale_gty_0_in_context.xdc, line 32).
Applied set_property KEEP_HIERARCHY = SOFT for u_ibert_gty_core. (constraint file  auto generated constraint).
---------------------------------------------------------------------------------
Finished applying 'set_property' XDC Constraints : Time (s): cpu = 00:00:06 ; elapsed = 00:00:06 . Memory (MB): peak = 2801.586 ; gain = 242.062 ; free physical = 117347 ; free virtual = 121011
---------------------------------------------------------------------------------
---------------------------------------------------------------------------------
Finished RTL Optimization Phase 2 : Time (s): cpu = 00:00:06 ; elapsed = 00:00:06 . Memory (MB): peak = 2801.586 ; gain = 242.062 ; free physical = 117349 ; free virtual = 121014
---------------------------------------------------------------------------------
---------------------------------------------------------------------------------
Start RTL Component Statistics 
---------------------------------------------------------------------------------
Detailed RTL Component Info : 
---------------------------------------------------------------------------------
Finished RTL Component Statistics 
---------------------------------------------------------------------------------
---------------------------------------------------------------------------------
Start Part Resource Summary
---------------------------------------------------------------------------------
Part Resources:
DSPs: 768 (col length:192)
BRAMs: 3456 (col length: RAMB18 192 RAMB36 96)
---------------------------------------------------------------------------------
Finished Part Resource Summary
---------------------------------------------------------------------------------
---------------------------------------------------------------------------------
Start Cross Boundary and Area Optimization
---------------------------------------------------------------------------------
---------------------------------------------------------------------------------
Finished Cross Boundary and Area Optimization : Time (s): cpu = 00:00:06 ; elapsed = 00:00:07 . Memory (MB): peak = 2801.586 ; gain = 242.062 ; free physical = 117380 ; free virtual = 121047
---------------------------------------------------------------------------------
---------------------------------------------------------------------------------
Start Applying XDC Timing Constraints
---------------------------------------------------------------------------------
---------------------------------------------------------------------------------
Finished Applying XDC Timing Constraints : Time (s): cpu = 00:00:10 ; elapsed = 00:00:11 . Memory (MB): peak = 2881.883 ; gain = 322.359 ; free physical = 117124 ; free virtual = 120791
---------------------------------------------------------------------------------
---------------------------------------------------------------------------------
Start Timing Optimization
---------------------------------------------------------------------------------
---------------------------------------------------------------------------------
Finished Timing Optimization : Time (s): cpu = 00:00:10 ; elapsed = 00:00:11 . Memory (MB): peak = 2881.883 ; gain = 322.359 ; free physical = 117124 ; free virtual = 120791
---------------------------------------------------------------------------------
---------------------------------------------------------------------------------
Start Technology Mapping
---------------------------------------------------------------------------------
---------------------------------------------------------------------------------
Finished Technology Mapping : Time (s): cpu = 00:00:10 ; elapsed = 00:00:11 . Memory (MB): peak = 2900.914 ; gain = 341.391 ; free physical = 117116 ; free virtual = 120783
---------------------------------------------------------------------------------
---------------------------------------------------------------------------------
Start IO Insertion
---------------------------------------------------------------------------------
---------------------------------------------------------------------------------
Start Flattening Before IO Insertion
---------------------------------------------------------------------------------
---------------------------------------------------------------------------------
Finished Flattening Before IO Insertion
---------------------------------------------------------------------------------
---------------------------------------------------------------------------------
Start Final Netlist Cleanup
---------------------------------------------------------------------------------
---------------------------------------------------------------------------------
Finished Final Netlist Cleanup
---------------------------------------------------------------------------------
---------------------------------------------------------------------------------
Finished IO Insertion : Time (s): cpu = 00:00:12 ; elapsed = 00:00:13 . Memory (MB): peak = 2906.852 ; gain = 347.328 ; free physical = 117119 ; free virtual = 120787
---------------------------------------------------------------------------------
---------------------------------------------------------------------------------
Start Renaming Generated Instances
---------------------------------------------------------------------------------
---------------------------------------------------------------------------------
Finished Renaming Generated Instances : Time (s): cpu = 00:00:12 ; elapsed = 00:00:13 . Memory (MB): peak = 2906.852 ; gain = 347.328 ; free physical = 117119 ; free virtual = 120787
---------------------------------------------------------------------------------
---------------------------------------------------------------------------------
Start Rebuilding User Hierarchy
---------------------------------------------------------------------------------
---------------------------------------------------------------------------------
Finished Rebuilding User Hierarchy : Time (s): cpu = 00:00:12 ; elapsed = 00:00:13 . Memory (MB): peak = 2906.852 ; gain = 347.328 ; free physical = 117119 ; free virtual = 120787
---------------------------------------------------------------------------------
---------------------------------------------------------------------------------
Start Renaming Generated Ports
---------------------------------------------------------------------------------
---------------------------------------------------------------------------------
Finished Renaming Generated Ports : Time (s): cpu = 00:00:12 ; elapsed = 00:00:13 . Memory (MB): peak = 2906.852 ; gain = 347.328 ; free physical = 117119 ; free virtual = 120787
---------------------------------------------------------------------------------
---------------------------------------------------------------------------------
Start Handling Custom Attributes
---------------------------------------------------------------------------------
---------------------------------------------------------------------------------
Finished Handling Custom Attributes : Time (s): cpu = 00:00:12 ; elapsed = 00:00:13 . Memory (MB): peak = 2906.852 ; gain = 347.328 ; free physical = 117119 ; free virtual = 120787
---------------------------------------------------------------------------------
---------------------------------------------------------------------------------
Start Renaming Generated Nets
---------------------------------------------------------------------------------
---------------------------------------------------------------------------------
Finished Renaming Generated Nets : Time (s): cpu = 00:00:12 ; elapsed = 00:00:13 . Memory (MB): peak = 2906.852 ; gain = 347.328 ; free physical = 117119 ; free virtual = 120787
---------------------------------------------------------------------------------
---------------------------------------------------------------------------------
Start Writing Synthesis Report
---------------------------------------------------------------------------------

Report BlackBoxes: 
+------+-----------------------+----------+
|      |BlackBox name          |Instances |
+------+-----------------------+----------+
|1     |ibert_ultrascale_gty_0 |         1|
+------+-----------------------+----------+

Report Cell Usage: 
+------+---------------------+------+
|      |Cell                 |Count |
+------+---------------------+------+
|1     |ibert_ultrascale_gty |     1|
|2     |BUFG_GT              |     1|
|3     |IBUFDS_GTE3          |     2|
+------+---------------------+------+
---------------------------------------------------------------------------------
Finished Writing Synthesis Report : Time (s): cpu = 00:00:12 ; elapsed = 00:00:13 . Memory (MB): peak = 2906.852 ; gain = 347.328 ; free physical = 117119 ; free virtual = 120787
---------------------------------------------------------------------------------
Synthesis finished with 0 errors, 0 critical warnings and 0 warnings.
Synthesis Optimization Runtime : Time (s): cpu = 00:00:11 ; elapsed = 00:00:12 . Memory (MB): peak = 2906.852 ; gain = 228.703 ; free physical = 117145 ; free virtual = 120813
Synthesis Optimization Complete : Time (s): cpu = 00:00:12 ; elapsed = 00:00:13 . Memory (MB): peak = 2906.859 ; gain = 347.328 ; free physical = 117145 ; free virtual = 120813
INFO: [Project 1-571] Translating synthesized netlist
Netlist sorting complete. Time (s): cpu = 00:00:00 ; elapsed = 00:00:00 . Memory (MB): peak = 2906.859 ; gain = 0.000 ; free physical = 117142 ; free virtual = 120809
INFO: [Project 1-570] Preparing netlist for logic optimization
INFO: [Opt 31-138] Pushed 0 inverter(s) to 0 load pin(s).
INFO: [Opt 31-441] Inserted BUFG_GT_SYNC BUFG_GT_SYNC for BUFG_GT u_gty_sysclk_internal
Netlist sorting complete. Time (s): cpu = 00:00:00 ; elapsed = 00:00:00 . Memory (MB): peak = 2953.445 ; gain = 0.000 ; free physical = 117179 ; free virtual = 120846
INFO: [Project 1-111] Unisim Transformation Summary:
No Unisim elements were transformed.

Synth Design complete, checksum: c66a3b41
INFO: [Common 17-83] Releasing license: Synthesis
24 Infos, 0 Warnings, 0 Critical Warnings and 0 Errors encountered.
synth_design completed successfully
synth_design: Time (s): cpu = 00:00:18 ; elapsed = 00:00:16 . Memory (MB): peak = 2953.445 ; gain = 401.926 ; free physical = 117315 ; free virtual = 120983
INFO: [Common 17-1381] The checkpoint '/home/dewei/Documents/vcu108/ibert_GTY_qsfp/ibert_ultrascale_gty_0_ex/ibert_ultrascale_gty_0_ex.runs/synth_1/example_ibert_ultrascale_gty_0.dcp' has been generated.
INFO: [runtcl-4] Executing : report_utilization -file example_ibert_ultrascale_gty_0_utilization_synth.rpt -pb example_ibert_ultrascale_gty_0_utilization_synth.pb
INFO: [Common 17-206] Exiting Vivado at Mon Jan 10 13:44:29 2022...
